This file contains any messages produced by compilers while
running configure, to aid debugging if configure makes a mistake.

It was created by udis86 configure 1.7.2, which was
generated by GNU Autoconf 2.69.  Invocation command line was

  $ ./configure --no-create --no-recursion

## --------- ##
## Platform. ##
## --------- ##

hostname = esoteric-labs
uname -m = x86_64
uname -r = 5.13.0-40-generic
uname -s = Linux
uname -v = #45-Ubuntu SMP Tue Mar 29 14:48:14 UTC 2022

/usr/bin/uname -p = x86_64
/bin/uname -X     = unknown

/bin/arch              = x86_64
/usr/bin/arch -k       = unknown
/usr/convex/getsysinfo = unknown
/usr/bin/hostinfo      = unknown
/bin/machine           = unknown
/usr/bin/oslevel       = unknown
/bin/universe          = unknown

PATH: /usr/local/sbin
PATH: /usr/local/bin
PATH: /usr/sbin
PATH: /usr/bin
PATH: /sbin
PATH: /bin
PATH: /usr/games
PATH: /usr/local/games
PATH: /snap/bin


## ----------- ##
## Core tests. ##
## ----------- ##

configure:2512: checking build system type
configure:2526: result: x86_64-unknown-linux-gnu
configure:2546: checking host system type
configure:2559: result: x86_64-unknown-linux-gnu
configure:2906: checking for a BSD-compatible install
configure:2974: result: /usr/bin/install -c
configure:2985: checking whether build environment is sane
configure:3040: result: yes
configure:3186: checking for a thread-safe mkdir -p
configure:3225: result: /usr/bin/mkdir -p
configure:3232: checking for gawk
configure:3262: result: no
configure:3232: checking for mawk
configure:3248: found /usr/bin/mawk
configure:3259: result: mawk
configure:3270: checking whether make sets $(MAKE)
configure:3292: result: yes
configure:3321: checking whether make supports nested variables
configure:3338: result: yes
configure:3540: checking for gcc
configure:3556: found /usr/bin/gcc
configure:3567: result: gcc
configure:3796: checking for C compiler version
configure:3805: gcc --version >&5
gcc (Ubuntu 11.2.0-7ubuntu2) 11.2.0
Copyright (C) 2021 Free Software Foundation, Inc.
This is free software; see the source for copying conditions.  There is NO
warranty; not even for MERCHANTABILITY or FITNESS FOR A PARTICULAR PURPOSE.

configure:3816: $? = 0
configure:3805: gcc -v >&5
Using built-in specs.
COLLECT_GCC=gcc
COLLECT_LTO_WRAPPER=/usr/lib/gcc/x86_64-linux-gnu/11/lto-wrapper
OFFLOAD_TARGET_NAMES=nvptx-none:amdgcn-amdhsa
OFFLOAD_TARGET_DEFAULT=1
Target: x86_64-linux-gnu
Configured with: ../src/configure -v --with-pkgversion='Ubuntu 11.2.0-7ubuntu2' --with-bugurl=file:///usr/share/doc/gcc-11/README.Bugs --enable-languages=c,ada,c++,go,brig,d,fortran,objc,obj-c++,m2 --prefix=/usr --with-gcc-major-version-only --program-suffix=-11 --program-prefix=x86_64-linux-gnu- --enable-shared --enable-linker-build-id --libexecdir=/usr/lib --without-included-gettext --enable-threads=posix --libdir=/usr/lib --enable-nls --enable-bootstrap --enable-clocale=gnu --enable-libstdcxx-debug --enable-libstdcxx-time=yes --with-default-libstdcxx-abi=new --enable-gnu-unique-object --disable-vtable-verify --enable-plugin --enable-default-pie --with-system-zlib --enable-libphobos-checking=release --with-target-system-zlib=auto --enable-objc-gc=auto --enable-multiarch --disable-werror --enable-cet --with-arch-32=i686 --with-abi=m64 --with-multilib-list=m32,m64,mx32 --enable-multilib --with-tune=generic --enable-offload-targets=nvptx-none=/build/gcc-11-ZPT0kp/gcc-11-11.2.0/debian/tmp-nvptx/usr,amdgcn-amdhsa=/build/gcc-11-ZPT0kp/gcc-11-11.2.0/debian/tmp-gcn/usr --without-cuda-driver --enable-checking=release --build=x86_64-linux-gnu --host=x86_64-linux-gnu --target=x86_64-linux-gnu --with-build-config=bootstrap-lto-lean --enable-link-serialization=2
Thread model: posix
Supported LTO compression algorithms: zlib zstd
gcc version 11.2.0 (Ubuntu 11.2.0-7ubuntu2) 
... rest of stderr output deleted ...
configure:3816: $? = 0
configure:3805: gcc -V >&5
gcc: error: unrecognized command-line option '-V'
gcc: fatal error: no input files
compilation terminated.
configure:3816: $? = 1
configure:3805: gcc -qversion >&5
gcc: error: unrecognized command-line option '-qversion'; did you mean '--version'?
gcc: fatal error: no input files
compilation terminated.
configure:3816: $? = 1
configure:3836: checking whether the C compiler works
configure:3858: gcc    conftest.c  >&5
configure:3862: $? = 0
configure:3910: result: yes
configure:3913: checking for C compiler default output file name
configure:3915: result: a.out
configure:3921: checking for suffix of executables
configure:3928: gcc -o conftest    conftest.c  >&5
configure:3932: $? = 0
configure:3954: result: 
configure:3976: checking whether we are cross compiling
configure:3984: gcc -o conftest    conftest.c  >&5
configure:3988: $? = 0
configure:3995: ./conftest
configure:3999: $? = 0
configure:4014: result: no
configure:4019: checking for suffix of object files
configure:4041: gcc -c   conftest.c >&5
configure:4045: $? = 0
configure:4066: result: o
configure:4070: checking whether we are using the GNU C compiler
configure:4089: gcc -c   conftest.c >&5
configure:4089: $? = 0
configure:4098: result: yes
configure:4107: checking whether gcc accepts -g
configure:4127: gcc -c -g  conftest.c >&5
configure:4127: $? = 0
configure:4168: result: yes
configure:4185: checking for gcc option to accept ISO C89
configure:4248: gcc  -c -g -O2  conftest.c >&5
configure:4248: $? = 0
configure:4261: result: none needed
configure:4286: checking whether gcc understands -c and -o together
configure:4308: gcc -c conftest.c -o conftest2.o
configure:4311: $? = 0
configure:4308: gcc -c conftest.c -o conftest2.o
configure:4311: $? = 0
configure:4323: result: yes
configure:4343: checking whether make supports the include directive
configure:4358: make -f confmf.GNU && cat confinc.out
make[1]: Entering directory '/home/elfmaster/git/shiva/udis86-1.7.2'
make[1]: Leaving directory '/home/elfmaster/git/shiva/udis86-1.7.2'
this is the am__doit target
configure:4361: $? = 0
configure:4380: result: yes (GNU style)
configure:4405: checking dependency style of gcc
configure:4516: result: gcc3
configure:4608: checking how to print strings
configure:4635: result: printf
configure:4656: checking for a sed that does not truncate output
configure:4720: result: /usr/bin/sed
configure:4738: checking for grep that handles long lines and -e
configure:4796: result: /usr/bin/grep
configure:4801: checking for egrep
configure:4863: result: /usr/bin/grep -E
configure:4868: checking for fgrep
configure:4930: result: /usr/bin/grep -F
configure:4965: checking for ld used by gcc
configure:5032: result: /usr/bin/ld
configure:5039: checking if the linker (/usr/bin/ld) is GNU ld
configure:5054: result: yes
configure:5066: checking for BSD- or MS-compatible name lister (nm)
configure:5115: result: /usr/bin/nm -B
configure:5245: checking the name lister (/usr/bin/nm -B) interface
configure:5252: gcc -c -g -O2  conftest.c >&5
configure:5255: /usr/bin/nm -B "conftest.o"
configure:5258: output
0000000000000000 B some_variable
configure:5265: result: BSD nm
configure:5268: checking whether ln -s works
configure:5272: result: yes
configure:5280: checking the maximum length of command line arguments
configure:5410: result: 1572864
configure:5427: checking whether the shell understands some XSI constructs
configure:5437: result: yes
configure:5441: checking whether the shell understands "+="
configure:5447: result: yes
configure:5482: checking how to convert x86_64-unknown-linux-gnu file names to x86_64-unknown-linux-gnu format
configure:5522: result: func_convert_file_noop
configure:5529: checking how to convert x86_64-unknown-linux-gnu file names to toolchain format
configure:5549: result: func_convert_file_noop
configure:5556: checking for /usr/bin/ld option to reload object files
configure:5563: result: -r
configure:5637: checking for objdump
configure:5653: found /usr/bin/objdump
configure:5664: result: objdump
configure:5693: checking how to recognize dependent libraries
configure:5895: result: pass_all
configure:5980: checking for dlltool
configure:6010: result: no
configure:6037: checking how to associate runtime and link libraries
configure:6064: result: printf %s\n
configure:6125: checking for ar
configure:6141: found /usr/bin/ar
configure:6152: result: ar
configure:6189: checking for archiver @FILE support
configure:6206: gcc -c -g -O2  conftest.c >&5
configure:6206: $? = 0
configure:6209: ar cru libconftest.a @conftest.lst >&5
ar: `u' modifier ignored since `D' is the default (see `U')
configure:6212: $? = 0
configure:6217: ar cru libconftest.a @conftest.lst >&5
ar: `u' modifier ignored since `D' is the default (see `U')
ar: conftest.o: No such file or directory
configure:6220: $? = 1
configure:6232: result: @
configure:6290: checking for strip
configure:6306: found /usr/bin/strip
configure:6317: result: strip
configure:6389: checking for ranlib
configure:6405: found /usr/bin/ranlib
configure:6416: result: ranlib
configure:6518: checking command to parse /usr/bin/nm -B output from gcc object
configure:6638: gcc -c -g -O2  conftest.c >&5
configure:6641: $? = 0
configure:6645: /usr/bin/nm -B conftest.o \| sed -n -e 's/^.*[ ]\([ABCDGIRSTW][ABCDGIRSTW]*\)[ ][ ]*\([_A-Za-z][_A-Za-z0-9]*\)$/\1 \2 \2/p' | sed '/ __gnu_lto/d' \> conftest.nm
configure:6648: $? = 0
configure:6714: gcc -o conftest -g -O2   conftest.c conftstm.o >&5
configure:6717: $? = 0
configure:6755: result: ok
configure:6792: checking for sysroot
configure:6822: result: no
configure:6899: gcc -c -g -O2  conftest.c >&5
configure:6902: $? = 0
configure:7078: checking for mt
configure:7094: found /usr/bin/mt
configure:7105: result: mt
configure:7128: checking if mt is a manifest tool
configure:7134: mt '-?'
configure:7142: result: no
configure:7784: checking how to run the C preprocessor
configure:7815: gcc -E  conftest.c
configure:7815: $? = 0
configure:7829: gcc -E  conftest.c
conftest.c:11:10: fatal error: ac_nonexistent.h: No such file or directory
   11 | #include <ac_nonexistent.h>
      |          ^~~~~~~~~~~~~~~~~~
compilation terminated.
configure:7829: $? = 1
configure: failed program was:
| /* confdefs.h */
| #define PACKAGE_NAME "udis86"
| #define PACKAGE_TARNAME "udis86"
| #define PACKAGE_VERSION "1.7.2"
| #define PACKAGE_STRING "udis86 1.7.2"
| #define PACKAGE_BUGREPORT "vivek.mt@gmail.com"
| #define PACKAGE_URL ""
| #define PACKAGE "udis86"
| #define VERSION "1.7.2"
| /* end confdefs.h.  */
| #include <ac_nonexistent.h>
configure:7854: result: gcc -E
configure:7874: gcc -E  conftest.c
configure:7874: $? = 0
configure:7888: gcc -E  conftest.c
conftest.c:11:10: fatal error: ac_nonexistent.h: No such file or directory
   11 | #include <ac_nonexistent.h>
      |          ^~~~~~~~~~~~~~~~~~
compilation terminated.
configure:7888: $? = 1
configure: failed program was:
| /* confdefs.h */
| #define PACKAGE_NAME "udis86"
| #define PACKAGE_TARNAME "udis86"
| #define PACKAGE_VERSION "1.7.2"
| #define PACKAGE_STRING "udis86 1.7.2"
| #define PACKAGE_BUGREPORT "vivek.mt@gmail.com"
| #define PACKAGE_URL ""
| #define PACKAGE "udis86"
| #define VERSION "1.7.2"
| /* end confdefs.h.  */
| #include <ac_nonexistent.h>
configure:7917: checking for ANSI C header files
configure:7937: gcc -c -g -O2  conftest.c >&5
configure:7937: $? = 0
configure:8010: gcc -o conftest -g -O2   conftest.c  >&5
configure:8010: $? = 0
configure:8010: ./conftest
configure:8010: $? = 0
configure:8021: result: yes
configure:8034: checking for sys/types.h
configure:8034: gcc -c -g -O2  conftest.c >&5
configure:8034: $? = 0
configure:8034: result: yes
configure:8034: checking for sys/stat.h
configure:8034: gcc -c -g -O2  conftest.c >&5
configure:8034: $? = 0
configure:8034: result: yes
configure:8034: checking for stdlib.h
configure:8034: gcc -c -g -O2  conftest.c >&5
configure:8034: $? = 0
configure:8034: result: yes
configure:8034: checking for string.h
configure:8034: gcc -c -g -O2  conftest.c >&5
configure:8034: $? = 0
configure:8034: result: yes
configure:8034: checking for memory.h
configure:8034: gcc -c -g -O2  conftest.c >&5
configure:8034: $? = 0
configure:8034: result: yes
configure:8034: checking for strings.h
configure:8034: gcc -c -g -O2  conftest.c >&5
configure:8034: $? = 0
configure:8034: result: yes
configure:8034: checking for inttypes.h
configure:8034: gcc -c -g -O2  conftest.c >&5
configure:8034: $? = 0
configure:8034: result: yes
configure:8034: checking for stdint.h
configure:8034: gcc -c -g -O2  conftest.c >&5
configure:8034: $? = 0
configure:8034: result: yes
configure:8034: checking for unistd.h
configure:8034: gcc -c -g -O2  conftest.c >&5
configure:8034: $? = 0
configure:8034: result: yes
configure:8048: checking for dlfcn.h
configure:8048: gcc -c -g -O2  conftest.c >&5
configure:8048: $? = 0
configure:8048: result: yes
configure:8222: checking for objdir
configure:8237: result: .libs
configure:8508: checking if gcc supports -fno-rtti -fno-exceptions
configure:8526: gcc -c -g -O2  -fno-rtti -fno-exceptions conftest.c >&5
cc1: warning: command-line option '-fno-rtti' is valid for C++/D/ObjC++ but not for C
configure:8530: $? = 0
configure:8543: result: no
configure:8870: checking for gcc option to produce PIC
configure:8877: result: -fPIC -DPIC
configure:8885: checking if gcc PIC flag -fPIC -DPIC works
configure:8903: gcc -c -g -O2  -fPIC -DPIC -DPIC conftest.c >&5
configure:8907: $? = 0
configure:8920: result: yes
configure:8949: checking if gcc static flag -static works
configure:8977: result: yes
configure:8992: checking if gcc supports -c -o file.o
configure:9013: gcc -c -g -O2  -o out/conftest2.o conftest.c >&5
configure:9017: $? = 0
configure:9039: result: yes
configure:9047: checking if gcc supports -c -o file.o
configure:9094: result: yes
configure:9127: checking whether the gcc linker (/usr/bin/ld -m elf_x86_64) supports shared libraries
configure:10280: result: yes
configure:10520: checking dynamic linker characteristics
configure:11031: gcc -o conftest -g -O2   -Wl,-rpath -Wl,/foo conftest.c  >&5
configure:11031: $? = 0
configure:11253: result: GNU/Linux ld.so
configure:11360: checking how to hardcode library paths into programs
configure:11385: result: immediate
configure:11925: checking whether stripping libraries is possible
configure:11930: result: yes
configure:11965: checking if libtool supports shared libraries
configure:11967: result: yes
configure:11970: checking whether to build shared libraries
configure:11991: result: no
configure:11994: checking whether to build static libraries
configure:11998: result: yes
configure:12084: checking whether python executable path has been provided
configure:12150: result: no
configure:12154: checking for python
configure:12172: found /usr/bin/python
configure:12184: result: /usr/bin/python
configure:12221: checking whether yasm executable path has been provided
configure:12287: result: no
configure:12291: checking for yasm
configure:12324: result: no
configure:12405: WARNING: could not find the yasm
configure:12433: checking whether sphinx-build executable path has been provided
configure:12499: result: no
configure:12503: checking for sphinx-build
configure:12536: result: no
configure:12617: WARNING: could not find the sphinx documentation tool
configure:12635: checking assert.h usability
configure:12635: gcc -c -g -O2 -Wall  conftest.c >&5
configure:12635: $? = 0
configure:12635: result: yes
configure:12635: checking assert.h presence
configure:12635: gcc -E  conftest.c
configure:12635: $? = 0
configure:12635: result: yes
configure:12635: checking for assert.h
configure:12635: result: yes
configure:12635: checking stdio.h usability
configure:12635: gcc -c -g -O2 -Wall  conftest.c >&5
configure:12635: $? = 0
configure:12635: result: yes
configure:12635: checking stdio.h presence
configure:12635: gcc -E  conftest.c
configure:12635: $? = 0
configure:12635: result: yes
configure:12635: checking for stdio.h
configure:12635: result: yes
configure:12750: checking that generated files are newer than configure
configure:12756: result: done
configure:12791: creating ./config.status

## ---------------- ##
## Cache variables. ##
## ---------------- ##

ac_cv_build=x86_64-unknown-linux-gnu
ac_cv_c_compiler_gnu=yes
ac_cv_env_CC_set=
ac_cv_env_CC_value=
ac_cv_env_CFLAGS_set=
ac_cv_env_CFLAGS_value=
ac_cv_env_CPPFLAGS_set=
ac_cv_env_CPPFLAGS_value=
ac_cv_env_CPP_set=
ac_cv_env_CPP_value=
ac_cv_env_LDFLAGS_set=
ac_cv_env_LDFLAGS_value=
ac_cv_env_LIBS_set=
ac_cv_env_LIBS_value=
ac_cv_env_PYTHON_set=
ac_cv_env_PYTHON_value=
ac_cv_env_SPHINX_BUILD_set=
ac_cv_env_SPHINX_BUILD_value=
ac_cv_env_YASM_set=
ac_cv_env_YASM_value=
ac_cv_env_build_alias_set=
ac_cv_env_build_alias_value=
ac_cv_env_host_alias_set=
ac_cv_env_host_alias_value=
ac_cv_env_target_alias_set=
ac_cv_env_target_alias_value=
ac_cv_header_assert_h=yes
ac_cv_header_dlfcn_h=yes
ac_cv_header_inttypes_h=yes
ac_cv_header_memory_h=yes
ac_cv_header_stdc=yes
ac_cv_header_stdint_h=yes
ac_cv_header_stdio_h=yes
ac_cv_header_stdlib_h=yes
ac_cv_header_string_h=yes
ac_cv_header_strings_h=yes
ac_cv_header_sys_stat_h=yes
ac_cv_header_sys_types_h=yes
ac_cv_header_unistd_h=yes
ac_cv_host=x86_64-unknown-linux-gnu
ac_cv_objext=o
ac_cv_path_EGREP='/usr/bin/grep -E'
ac_cv_path_FGREP='/usr/bin/grep -F'
ac_cv_path_GREP=/usr/bin/grep
ac_cv_path_PYTHON=/usr/bin/python
ac_cv_path_SED=/usr/bin/sed
ac_cv_path_install='/usr/bin/install -c'
ac_cv_path_mkdir=/usr/bin/mkdir
ac_cv_prog_AWK=mawk
ac_cv_prog_CPP='gcc -E'
ac_cv_prog_ac_ct_AR=ar
ac_cv_prog_ac_ct_CC=gcc
ac_cv_prog_ac_ct_MANIFEST_TOOL=mt
ac_cv_prog_ac_ct_OBJDUMP=objdump
ac_cv_prog_ac_ct_RANLIB=ranlib
ac_cv_prog_ac_ct_STRIP=strip
ac_cv_prog_cc_c89=
ac_cv_prog_cc_g=yes
ac_cv_prog_make_make_set=yes
am_cv_CC_dependencies_compiler_type=gcc3
am_cv_make_support_nested_variables=yes
am_cv_prog_cc_c_o=yes
lt_cv_ar_at_file=@
lt_cv_deplibs_check_method=pass_all
lt_cv_file_magic_cmd='$MAGIC_CMD'
lt_cv_file_magic_test_file=
lt_cv_ld_reload_flag=-r
lt_cv_nm_interface='BSD nm'
lt_cv_objdir=.libs
lt_cv_path_LD=/usr/bin/ld
lt_cv_path_NM='/usr/bin/nm -B'
lt_cv_path_mainfest_tool=no
lt_cv_prog_compiler_c_o=yes
lt_cv_prog_compiler_pic='-fPIC -DPIC'
lt_cv_prog_compiler_pic_works=yes
lt_cv_prog_compiler_rtti_exceptions=no
lt_cv_prog_compiler_static_works=yes
lt_cv_prog_gnu_ld=yes
lt_cv_sharedlib_from_linklib_cmd='printf %s\n'
lt_cv_shlibpath_overrides_runpath=yes
lt_cv_sys_global_symbol_pipe='sed -n -e '\''s/^.*[	 ]\([ABCDGIRSTW][ABCDGIRSTW]*\)[	 ][	 ]*\([_A-Za-z][_A-Za-z0-9]*\)$/\1 \2 \2/p'\'' | sed '\''/ __gnu_lto/d'\'''
lt_cv_sys_global_symbol_to_c_name_address='sed -n -e '\''s/^: \([^ ]*\)[ ]*$/  {\"\1\", (void *) 0},/p'\'' -e '\''s/^[ABCDGIRSTW]* \([^ ]*\) \([^ ]*\)$/  {"\2", (void *) \&\2},/p'\'''
lt_cv_sys_global_symbol_to_c_name_address_lib_prefix='sed -n -e '\''s/^: \([^ ]*\)[ ]*$/  {\"\1\", (void *) 0},/p'\'' -e '\''s/^[ABCDGIRSTW]* \([^ ]*\) \(lib[^ ]*\)$/  {"\2", (void *) \&\2},/p'\'' -e '\''s/^[ABCDGIRSTW]* \([^ ]*\) \([^ ]*\)$/  {"lib\2", (void *) \&\2},/p'\'''
lt_cv_sys_global_symbol_to_cdecl='sed -n -e '\''s/^T .* \(.*\)$/extern int \1();/p'\'' -e '\''s/^[ABCDGIRSTW]* .* \(.*\)$/extern char \1;/p'\'''
lt_cv_sys_max_cmd_len=1572864
lt_cv_to_host_file_cmd=func_convert_file_noop
lt_cv_to_tool_file_cmd=func_convert_file_noop

## ----------------- ##
## Output variables. ##
## ----------------- ##

ACLOCAL='${SHELL} '\''/home/elfmaster/git/shiva/udis86/build/missing'\'' aclocal-1.16'
ACLOCAL_AMFLAGS='-I  ${ACLOCAL_FLAGS}'
AMDEPBACKSLASH='\'
AMDEP_FALSE='#'
AMDEP_TRUE=''
AMTAR='$${TAR-tar}'
AM_BACKSLASH='\'
AM_DEFAULT_V='$(AM_DEFAULT_VERBOSITY)'
AM_DEFAULT_VERBOSITY='1'
AM_V='$(V)'
AR='ar'
AS=''
AUTOCONF='${SHELL} '\''/home/elfmaster/git/shiva/udis86/build/missing'\'' autoconf'
AUTOHEADER='${SHELL} '\''/home/elfmaster/git/shiva/udis86/build/missing'\'' autoheader'
AUTOMAKE='${SHELL} '\''/home/elfmaster/git/shiva/udis86/build/missing'\'' automake-1.16'
AWK='mawk'
CC='gcc'
CCDEPMODE='depmode=gcc3'
CFLAGS='-g -O2 -Wall'
CPP='gcc -E'
CPPFLAGS=''
CSCOPE='cscope'
CTAGS='ctags'
CYGPATH_W='echo'
DEFS='-DHAVE_CONFIG_H'
DEPDIR='.deps'
DLLTOOL='false'
DSYMUTIL=''
DUMPBIN=''
ECHO_C=''
ECHO_N='-n'
ECHO_T=''
EGREP='/usr/bin/grep -E'
ETAGS='etags'
EXEEXT=''
FGREP='/usr/bin/grep -F'
GREP='/usr/bin/grep'
HAVE_SPHINX_DOC_FALSE=''
HAVE_SPHINX_DOC_TRUE='#'
HAVE_YASM_FALSE=''
HAVE_YASM_TRUE='#'
INSTALL_DATA='${INSTALL} -m 644'
INSTALL_PROGRAM='${INSTALL}'
INSTALL_SCRIPT='${INSTALL}'
INSTALL_STRIP_PROGRAM='$(install_sh) -c -s'
LD='/usr/bin/ld -m elf_x86_64'
LDFLAGS=''
LIBOBJS=''
LIBS=''
LIBTOOL='$(SHELL) $(top_builddir)/libtool'
LIPO=''
LN_S='ln -s'
LTLIBOBJS=''
MAKEINFO='${SHELL} '\''/home/elfmaster/git/shiva/udis86/build/missing'\'' makeinfo'
MANIFEST_TOOL=':'
MKDIR_P='/usr/bin/mkdir -p'
NM='/usr/bin/nm -B'
NMEDIT=''
OBJDUMP='objdump'
OBJEXT='o'
OTOOL64=''
OTOOL=''
PACKAGE='udis86'
PACKAGE_BUGREPORT='vivek.mt@gmail.com'
PACKAGE_NAME='udis86'
PACKAGE_STRING='udis86 1.7.2'
PACKAGE_TARNAME='udis86'
PACKAGE_URL=''
PACKAGE_VERSION='1.7.2'
PATH_SEPARATOR=':'
PYTHON='/usr/bin/python'
RANLIB='ranlib'
SED='/usr/bin/sed'
SET_MAKE=''
SHELL='/bin/bash'
SPHINX_BUILD=''
SPHINX_VERSION=''
STRIP='strip'
TARGET_WINDOWS_FALSE=''
TARGET_WINDOWS_TRUE='#'
VERSION='1.7.2'
YASM=''
YASM_VERSION=''
ac_ct_AR='ar'
ac_ct_CC='gcc'
ac_ct_DUMPBIN=''
am__EXEEXT_FALSE=''
am__EXEEXT_TRUE='#'
am__fastdepCC_FALSE='#'
am__fastdepCC_TRUE=''
am__include='include'
am__isrc=''
am__leading_dot='.'
am__nodep='_no'
am__quote=''
am__tar='$${TAR-tar} chof - "$$tardir"'
am__untar='$${TAR-tar} xf -'
bindir='${exec_prefix}/bin'
build='x86_64-unknown-linux-gnu'
build_alias=''
build_cpu='x86_64'
build_os='linux-gnu'
build_vendor='unknown'
datadir='${datarootdir}'
datarootdir='${prefix}/share'
docdir='${datarootdir}/doc/${PACKAGE_TARNAME}'
dvidir='${docdir}'
exec_prefix='${prefix}'
host='x86_64-unknown-linux-gnu'
host_alias=''
host_cpu='x86_64'
host_os='linux-gnu'
host_vendor='unknown'
htmldir='${docdir}'
includedir='${prefix}/include'
infodir='${datarootdir}/info'
install_sh='${SHELL} /home/elfmaster/git/shiva/udis86/build/install-sh'
libdir='${exec_prefix}/lib'
libexecdir='${exec_prefix}/libexec'
localedir='${datarootdir}/locale'
localstatedir='${prefix}/var'
mandir='${datarootdir}/man'
mkdir_p='$(MKDIR_P)'
oldincludedir='/usr/include'
pdfdir='${docdir}'
prefix='/usr/local'
program_transform_name='s,x,x,'
psdir='${docdir}'
runstatedir='${localstatedir}/run'
sbindir='${exec_prefix}/sbin'
sharedstatedir='${prefix}/com'
sysconfdir='${prefix}/etc'
target_alias=''

## ----------- ##
## confdefs.h. ##
## ----------- ##

/* confdefs.h */
#define PACKAGE_NAME "udis86"
#define PACKAGE_TARNAME "udis86"
#define PACKAGE_VERSION "1.7.2"
#define PACKAGE_STRING "udis86 1.7.2"
#define PACKAGE_BUGREPORT "vivek.mt@gmail.com"
#define PACKAGE_URL ""
#define PACKAGE "udis86"
#define VERSION "1.7.2"
#define STDC_HEADERS 1
#define HAVE_SYS_TYPES_H 1
#define HAVE_SYS_STAT_H 1
#define HAVE_STDLIB_H 1
#define HAVE_STRING_H 1
#define HAVE_MEMORY_H 1
#define HAVE_STRINGS_H 1
#define HAVE_INTTYPES_H 1
#define HAVE_STDINT_H 1
#define HAVE_UNISTD_H 1
#define HAVE_DLFCN_H 1
#define LT_OBJDIR ".libs/"
#define HAVE_ASSERT_H 1
#define HAVE_STDIO_H 1

configure: exit 0

## ---------------------- ##
## Running config.status. ##
## ---------------------- ##

This file was extended by udis86 config.status 1.7.2, which was
generated by GNU Autoconf 2.69.  Invocation command line was

  CONFIG_FILES    = 
  CONFIG_HEADERS  = 
  CONFIG_LINKS    = 
  CONFIG_COMMANDS = 
  $ ./config.status 

on esoteric-labs

config.status:1108: creating Makefile
config.status:1108: creating scripts/Makefile
config.status:1108: creating libudis86/Makefile
config.status:1108: creating udcli/Makefile
config.status:1108: creating tests/Makefile
config.status:1108: creating docs/Makefile
config.status:1108: creating docs/manual/Makefile
config.status:1108: creating docs/x86/Makefile
config.status:1108: creating tests/difftest.sh
config.status:1108: creating config.h
config.status:1289: config.h is unchanged
config.status:1337: executing depfiles commands
config.status:1414: cd libudis86       && sed -e '/# am--include-marker/d' Makefile         | make -f - am--depfiles
make[1]: Entering directory '/home/elfmaster/git/shiva/udis86-1.7.2/libudis86'
make[1]: Nothing to be done for 'am--depfiles'.
make[1]: Leaving directory '/home/elfmaster/git/shiva/udis86-1.7.2/libudis86'
config.status:1419: $? = 0
config.status:1414: cd udcli       && sed -e '/# am--include-marker/d' Makefile         | make -f - am--depfiles
make[1]: Entering directory '/home/elfmaster/git/shiva/udis86-1.7.2/udcli'
make[1]: Nothing to be done for 'am--depfiles'.
make[1]: Leaving directory '/home/elfmaster/git/shiva/udis86-1.7.2/udcli'
config.status:1419: $? = 0
config.status:1414: cd tests       && sed -e '/# am--include-marker/d' Makefile         | make -f - am--depfiles
make[1]: Entering directory '/home/elfmaster/git/shiva/udis86-1.7.2/tests'
make[1]: Nothing to be done for 'am--depfiles'.
make[1]: Leaving directory '/home/elfmaster/git/shiva/udis86-1.7.2/tests'
config.status:1419: $? = 0
config.status:1337: executing libtool commands

## ---------------------- ##
## Running config.status. ##
## ---------------------- ##

This file was extended by udis86 config.status 1.7.2, which was
generated by GNU Autoconf 2.69.  Invocation command line was

  CONFIG_FILES    = 
  CONFIG_HEADERS  = 
  CONFIG_LINKS    = 
  CONFIG_COMMANDS = 
  $ ./config.status config.h

on esoteric-labs

config.status:1108: creating config.h
